Build started 12/6/2021 6:12:58 PM.
     1>Project "D:\Astudy\second year\first term\algorithms\labs\lab3\hashfunction\Secret Sentence\Secret Sentence.vcxproj" on node 2 (Build target(s)).
     1>ClCompile:
         C:\Program Files (x86)\Microsoft Visual Studio 11.0\VC\bin\CL.exe /c /ZI /nologo /W3 /WX- /Od /Oy- /D WIN32 /D _DEBUG /D _CONSOLE /D _UNICODE /D UNICODE /Gm /EHsc /RTC1 /MDd /GS /fp:precise /Zc:wchar_t /Zc:forScope /Fo"Debug\\" /Fd"Debug\vc110.pdb" /Gd /TP /analyze- /errorReport:prompt "Secret Sentence.cpp"
         Secret Sentence.cpp
     1>d:\astudy\second year\first term\algorithms\labs\lab3\hashfunction\secret sentence\secret sentence.cpp(47): error C2601: 'tokens' : local function definitions are illegal
                 d:\astudy\second year\first term\algorithms\labs\lab3\hashfunction\secret sentence\secret sentence.cpp(37): this line contains a '{' which has not yet been matched
     1>d:\astudy\second year\first term\algorithms\labs\lab3\hashfunction\secret sentence\secret sentence.cpp(47): error C2143: syntax error : missing ';' before '{'
     1>d:\astudy\second year\first term\algorithms\labs\lab3\hashfunction\secret sentence\secret sentence.cpp(47): error C2143: syntax error : missing ';' before '}'
     1>d:\astudy\second year\first term\algorithms\labs\lab3\hashfunction\secret sentence\secret sentence.cpp(47): error C2143: syntax error : missing ';' before ','
     1>d:\astudy\second year\first term\algorithms\labs\lab3\hashfunction\secret sentence\secret sentence.cpp(48): error C2143: syntax error : missing ';' before '{'
     1>d:\astudy\second year\first term\algorithms\labs\lab3\hashfunction\secret sentence\secret sentence.cpp(50): error C2065: 'tokens' : undeclared identifier
     1>d:\astudy\second year\first term\algorithms\labs\lab3\hashfunction\secret sentence\secret sentence.cpp(93): warning C4018: '<' : signed/unsigned mismatch
     1>d:\astudy\second year\first term\algorithms\labs\lab3\hashfunction\secret sentence\secret sentence.cpp(96): warning C4018: '<' : signed/unsigned mismatch
     1>Done Building Project "D:\Astudy\second year\first term\algorithms\labs\lab3\hashfunction\Secret Sentence\Secret Sentence.vcxproj" (Build target(s)) -- FAILED.

Build FAILED.

Time Elapsed 00:00:03.45
